<?xml version="1.0" encoding="UTF-8"?>
<coverage generated="1675961196581" clover="3.2.0">
  <project timestamp="1675961196582" name="All files">
    <metrics statements="24" coveredstatements="23" conditionals="0" coveredconditionals="0" methods="8" coveredmethods="8" elements="32" coveredelements="31" complexity="0" loc="24" ncloc="24" packages="3" files="5" classes="5"/>
    <package name="controllers">
      <metrics statements="7" coveredstatements="6" conditionals="0" coveredconditionals="0" methods="1" coveredmethods="1"/>
      <file name="caseStudiesController.js" path="/Users/aganya_bajaj/Documents/Staffing Pipeline/staffing-pipeline-backend/src/controllers/caseStudiesController.js">
        <metrics statements="7" coveredstatements="6" conditionals="0" coveredconditionals="0" methods="1" coveredmethods="1"/>
        <line num="1" count="1" type="stmt"/>
        <line num="3" count="1" type="stmt"/>
        <line num="4" count="1" type="stmt"/>
        <line num="5" count="1" type="stmt"/>
        <line num="6" count="1" type="stmt"/>
        <line num="9" count="0" type="stmt"/>
        <line num="13" count="1" type="stmt"/>
      </file>
    </package>
    <package name="models">
      <metrics statements="12" coveredstatements="12" conditionals="0" coveredconditionals="0" methods="6" coveredmethods="6"/>
      <file name="casestudies.js" path="/Users/aganya_bajaj/Documents/Staffing Pipeline/staffing-pipeline-backend/src/models/casestudies.js">
        <metrics statements="4" coveredstatements="4" conditionals="0" coveredconditionals="0" methods="2" coveredmethods="2"/>
        <line num="4" count="2" type="stmt"/>
        <line num="5" count="2" type="stmt"/>
        <line num="16" count="2" type="stmt"/>
        <line num="28" count="2" type="stmt"/>
      </file>
      <file name="engagements.js" path="/Users/aganya_bajaj/Documents/Staffing Pipeline/staffing-pipeline-backend/src/models/engagements.js">
        <metrics statements="4" coveredstatements="4" conditionals="0" coveredconditionals="0" methods="2" coveredmethods="2"/>
        <line num="4" count="2" type="stmt"/>
        <line num="5" count="2" type="stmt"/>
        <line num="16" count="2" type="stmt"/>
        <line num="31" count="2" type="stmt"/>
      </file>
      <file name="users.js" path="/Users/aganya_bajaj/Documents/Staffing Pipeline/staffing-pipeline-backend/src/models/users.js">
        <metrics statements="4" coveredstatements="4" conditionals="0" coveredconditionals="0" methods="2" coveredmethods="2"/>
        <line num="4" count="2" type="stmt"/>
        <line num="5" count="2" type="stmt"/>
        <line num="16" count="2" type="stmt"/>
        <line num="38" count="2" type="stmt"/>
      </file>
    </package>
    <package name="services">
      <metrics statements="5" coveredstatements="5" conditionals="0" coveredconditionals="0" methods="1" coveredmethods="1"/>
      <file name="caseStudiesServices.js" path="/Users/aganya_bajaj/Documents/Staffing Pipeline/staffing-pipeline-backend/src/services/caseStudiesServices.js">
        <metrics statements="5" coveredstatements="5" conditionals="0" coveredconditionals="0" methods="1" coveredmethods="1"/>
        <line num="1" count="2" type="stmt"/>
        <line num="3" count="2" type="stmt"/>
        <line num="4" count="1" type="stmt"/>
        <line num="5" count="1" type="stmt"/>
        <line num="8" count="2" type="stmt"/>
      </file>
    </package>
  </project>
</coverage>
